# This file was automatically generated by tmake at 14:54, 2001/09/26
# DO NOT CHANGE THIS FILE, YOUR CHANGES WILL BE LOST! CHANGE GTK.T!
UNIVOBJS = \
		bmpbuttn.o \
		button.o \
		checkbox.o \
		checklst.o \
		colschem.o \
		control.o \
		dialog.o \
		framuniv.o \
		gauge.o \
		gtk.o \
		inpcons.o \
		inphand.o \
		listbox.o \
		menu.o \
		notebook.o \
		radiobox.o \
		radiobut.o \
		renderer.o \
		scrarrow.o \
		scrolbar.o \
		scrthumb.o \
		slider.o \
		spinbutt.o \
		statbmp.o \
		statbox.o \
		statline.o \
		stattext.o \
		textctrl.o \
		theme.o \
		topluniv.o \
		win32.o \
		winuniv.o

UNIVDEPS = \
		bmpbuttn.d \
		button.d \
		checkbox.d \
		checklst.d \
		colschem.d \
		control.d \
		dialog.d \
		framuniv.d \
		gauge.d \
		gtk.d \
		inpcons.d \
		inphand.d \
		listbox.d \
		menu.d \
		notebook.d \
		radiobox.d \
		radiobut.d \
		renderer.d \
		scrarrow.d \
		scrolbar.d \
		scrthumb.d \
		slider.d \
		spinbutt.d \
		statbmp.d \
		statbox.d \
		statline.d \
		stattext.d \
		textctrl.d \
		theme.d \
		topluniv.d \
		win32.d \
		winuniv.d

