# This file was automatically generated by tmake 
# DO NOT CHANGE THIS FILE, YOUR CHANGES WILL BE LOST! CHANGE OS2.T!
ALL_SOURCES = \
		generic/busyinfo.cpp \
		generic/calctrl.cpp \
		generic/caret.cpp \
		generic/choicdgg.cpp \
		generic/colrdlgg.cpp \
		generic/dcbuffer.cpp \
		generic/dcpsg.cpp \
		generic/dirctrlg.cpp \
		generic/dirdlgg.cpp \
		generic/fdrepdlg.cpp \
		generic/grid.cpp \
		generic/gridctrl.cpp \
		generic/gridsel.cpp \
		generic/helpext.cpp \
		generic/helphtml.cpp \
		generic/imaglist.cpp \
		generic/laywin.cpp \
		generic/listctrl.cpp \
		generic/logg.cpp \
		generic/mdig.cpp \
		generic/msgdlgg.cpp \
		generic/numdlgg.cpp \
		generic/panelg.cpp \
		generic/printps.cpp \
		generic/prntdlgg.cpp \
		generic/progdlgg.cpp \
		generic/prop.cpp \
		generic/propform.cpp \
		generic/proplist.cpp \
		generic/sashwin.cpp \
		generic/scrlwing.cpp \
		generic/spinctlg.cpp \
		generic/splash.cpp \
		generic/splitter.cpp \
		generic/statusbr.cpp \
		generic/tbarsmpl.cpp \
		generic/textdlgg.cpp \
		generic/tipdlg.cpp \
		generic/tipwin.cpp \
		generic/treectlg.cpp \
		generic/treelay.cpp \
		generic/wizard.cpp \
		common/appcmn.cpp \
		common/artprov.cpp \
		common/artstd.cpp \
		common/choiccmn.cpp \
		common/clipcmn.cpp \
		common/clntdata.cpp \
		common/cmdline.cpp \
		common/cmdproc.cpp \
		common/cmndata.cpp \
		common/config.cpp \
		common/containr.cpp \
		common/cshelp.cpp \
		common/ctrlcmn.cpp \
		common/ctrlsub.cpp \
		common/datetime.cpp \
		common/datstrm.cpp \
		common/db.cpp \
		common/dbgrid.cpp \
		common/dbtable.cpp \
		common/dcbase.cpp \
		common/dircmn.cpp \
		common/dlgcmn.cpp \
		common/dndcmn.cpp \
		common/dobjcmn.cpp \
		common/docmdi.cpp \
		common/docview.cpp \
		common/dseldlg.cpp \
		common/dynarray.cpp \
		common/dynlib.cpp \
		common/dynload.cpp \
		common/effects.cpp \
		common/encconv.cpp \
		common/event.cpp \
		common/extended.c \
		common/fddlgcmn.cpp \
		common/ffile.cpp \
		common/file.cpp \
		common/fileconf.cpp \
		common/filefn.cpp \
		common/filename.cpp \
		common/filesys.cpp \
		common/fontcmn.cpp \
		common/fontmap.cpp \
		common/framecmn.cpp \
		common/fs_inet.cpp \
		common/fs_mem.cpp \
		common/fs_zip.cpp \
		common/ftp.cpp \
		common/gaugecmn.cpp \
		common/gdicmn.cpp \
		common/geometry.cpp \
		common/gifdecod.cpp \
		common/hash.cpp \
		common/hashmap.cpp \
		common/helpbase.cpp \
		common/http.cpp \
		common/iconbndl.cpp \
		common/imagall.cpp \
		common/imagbmp.cpp \
		common/image.cpp \
		common/imagfill.cpp \
		common/imaggif.cpp \
		common/imagiff.cpp \
		common/imagjpeg.cpp \
		common/imagpcx.cpp \
		common/imagpng.cpp \
		common/imagpnm.cpp \
		common/imagtiff.cpp \
		common/imagxpm.cpp \
		common/intl.cpp \
		common/ipcbase.cpp \
		common/layout.cpp \
		common/lboxcmn.cpp \
		common/list.cpp \
		common/log.cpp \
		common/longlong.cpp \
		common/matrix.cpp \
		common/memory.cpp \
		common/menucmn.cpp \
		common/mimecmn.cpp \
		common/module.cpp \
		common/msgout.cpp \
		common/mstream.cpp \
		common/nbkbase.cpp \
		common/object.cpp \
		common/paper.cpp \
		common/popupcmn.cpp \
		common/prntbase.cpp \
		common/process.cpp \
		common/protocol.cpp \
		common/quantize.cpp \
		common/radiocmn.cpp \
		common/regex.cpp \
		common/resource.cpp \
		common/sckaddr.cpp \
		common/sckfile.cpp \
		common/sckipc.cpp \
		common/sckstrm.cpp \
		common/settcmn.cpp \
		common/sizer.cpp \
		common/socket.cpp \
		common/statbar.cpp \
		common/strconv.cpp \
		common/stream.cpp \
		common/string.cpp \
		common/sysopt.cpp \
		common/tbarbase.cpp \
		common/textbuf.cpp \
		common/textcmn.cpp \
		common/textfile.cpp \
		common/timercmn.cpp \
		common/tokenzr.cpp \
		common/toplvcmn.cpp \
		common/treebase.cpp \
		common/txtstrm.cpp \
		common/unzip.c \
		common/url.cpp \
		common/utilscmn.cpp \
		common/valgen.cpp \
		common/validate.cpp \
		common/valtext.cpp \
		common/variant.cpp \
		common/wfstream.cpp \
		common/wincmn.cpp \
		common/wxchar.cpp \
		common/wxexpr.cpp \
		common/xpmdecod.cpp \
		common/zipstrm.cpp \
		common/zstream.cpp \
		os2/accel.cpp \
		os2/app.cpp \
		os2/bitmap.cpp \
		os2/bmpbuttn.cpp \
		os2/brush.cpp \
		os2/button.cpp \
		os2/checkbox.cpp \
		os2/checklst.cpp \
		os2/choice.cpp \
		os2/clipbrd.cpp \
		os2/colour.cpp \
		os2/combobox.cpp \
		os2/control.cpp \
		os2/cursor.cpp \
		os2/data.cpp \
		os2/dataobj.cpp \
		os2/dc.cpp \
		os2/dcclient.cpp \
		os2/dcmemory.cpp \
		os2/dcprint.cpp \
		os2/dcscreen.cpp \
		os2/dialog.cpp \
		os2/dir.cpp \
		os2/dnd.cpp \
		os2/filedlg.cpp \
		os2/font.cpp \
		os2/fontdlg.cpp \
		os2/fontenum.cpp \
		os2/fontutil.cpp \
		os2/frame.cpp \
		os2/gauge.cpp \
		os2/gdiimage.cpp \
		os2/gdiobj.cpp \
		os2/gsocket.c \
		os2/gsockpm.c \
		os2/helpwin.cpp \
		os2/icon.cpp \
		os2/iniconf.cpp \
		os2/joystick.cpp \
		os2/listbox.cpp \
		os2/main.cpp \
		os2/menu.cpp \
		os2/menuitem.cpp \
		os2/metafile.cpp \
		os2/mimetype.cpp \
		os2/msgdlg.cpp \
		os2/nativdlg.cpp \
		os2/notebook.cpp \
		os2/ownerdrw.cpp \
		os2/palette.cpp \
		os2/pen.cpp \
		os2/print.cpp \
		os2/radiobox.cpp \
		os2/radiobut.cpp \
		os2/region.cpp \
		os2/scrolbar.cpp \
		os2/settings.cpp \
		os2/slider.cpp \
		os2/spinbutt.cpp \
		os2/spinctrl.cpp \
		os2/statbmp.cpp \
		os2/statbox.cpp \
		os2/statline.cpp \
		os2/stattext.cpp \
		os2/tabctrl.cpp \
		os2/taskbar.cpp \
		os2/textctrl.cpp \
		os2/thread.cpp \
		os2/timer.cpp \
		os2/toolbar.cpp \
		os2/tooltip.cpp \
		os2/toplevel.cpp \
		os2/utils.cpp \
		os2/utilsexc.cpp \
		os2/wave.cpp \
		os2/window.cpp \
		html/helpctrl.cpp \
		html/helpdata.cpp \
		html/helpfrm.cpp \
		html/htmlcell.cpp \
		html/htmlfilt.cpp \
		html/htmlpars.cpp \
		html/htmltag.cpp \
		html/htmlwin.cpp \
		html/htmprint.cpp \
		html/m_dflist.cpp \
		html/m_fonts.cpp \
		html/m_hline.cpp \
		html/m_image.cpp \
		html/m_layout.cpp \
		html/m_links.cpp \
		html/m_list.cpp \
		html/m_pre.cpp \
		html/m_style.cpp \
		html/m_tables.cpp \
		html/winpars.cpp

ALL_HEADERS = \
		accel.h \
		app.h \
		arrimpl.cpp \
		artprov.h \
		bitmap.h \
		bmpbuttn.h \
		brush.h \
		buffer.h \
		build.h \
		busyinfo.h \
		button.h \
		calctrl.h \
		caret.h \
		checkbox.h \
		checklst.h \
		chkconf.h \
		choicdlg.h \
		choice.h \
		clipbrd.h \
		clntdata.h \
		cmdline.h \
		cmdproc.h \
		cmndata.h \
		colordlg.h \
		colour.h \
		combobox.h \
		confbase.h \
		config.h \
		containr.h \
		control.h \
		cshelp.h \
		ctrlsub.h \
		cursor.h \
		dataobj.h \
		date.h \
		datetime.h \
		datetime.inl \
		datstrm.h \
		db.h \
		dbgrid.h \
		dbkeyg.h \
		dbtable.h \
		dc.h \
		dcbuffer.h \
		dcclient.h \
		dcmemory.h \
		dcprint.h \
		dcps.h \
		dcscreen.h \
		dde.h \
		debug.h \
		defs.h \
		dialog.h \
		dialup.h \
		dir.h \
		dirctrl.h \
		dirdlg.h \
		dnd.h \
		docmdi.h \
		docview.h \
		dragimag.h \
		dynarray.h \
		dynlib.h \
		dynload.h \
		effects.h \
		encconv.h \
		event.h \
		expr.h \
		fdrepdlg.h \
		features.h \
		ffile.h \
		file.h \
		fileconf.h \
		filedlg.h \
		filefn.h \
		filename.h \
		filesys.h \
		font.h \
		fontdlg.h \
		fontenc.h \
		fontenum.h \
		fontmap.h \
		fontutil.h \
		frame.h \
		fs_inet.h \
		fs_mem.h \
		fs_zip.h \
		gauge.h \
		gdicmn.h \
		gdiobj.h \
		geometry.h \
		gifdecod.h \
		glcanvas.h \
		grid.h \
		gsocket.h \
		hash.h \
		hashmap.h \
		help.h \
		helpbase.h \
		helphtml.h \
		helpwin.h \
		icon.h \
		iconbndl.h \
		imagbmp.h \
		image.h \
		imaggif.h \
		imagiff.h \
		imagjpeg.h \
		imaglist.h \
		imagpcx.h \
		imagpng.h \
		imagpnm.h \
		imagtiff.h \
		imagxpm.h \
		intl.h \
		ioswrap.h \
		ipc.h \
		ipcbase.h \
		isql.h \
		isqlext.h \
		joystick.h \
		layout.h \
		laywin.h \
		list.h \
		listbase.h \
		listbox.h \
		listctrl.h \
		listimpl.cpp \
		log.h \
		longlong.h \
		matrix.h \
		mdi.h \
		memconf.h \
		memory.h \
		memtext.h \
		menu.h \
		menuitem.h \
		metafile.h \
		mimetype.h \
		minifram.h \
		module.h \
		msgdlg.h \
		msgout.h \
		mstream.h \
		notebook.h \
		object.h \
		odbc.h \
		ownerdrw.h \
		palette.h \
		panel.h \
		paper.h \
		pen.h \
		platform.h \
		popupwin.h \
		print.h \
		printdlg.h \
		prntbase.h \
		process.h \
		progdlg.h \
		prop.h \
		propform.h \
		proplist.h \
		quantize.h \
		radiobox.h \
		radiobut.h \
		regex.h \
		region.h \
		resource.h \
		sashwin.h \
		sckaddr.h \
		sckipc.h \
		sckstrm.h \
		scrolbar.h \
		scrolwin.h \
		settings.h \
		sizer.h \
		slider.h \
		snglinst.h \
		socket.h \
		spinbutt.h \
		spinctrl.h \
		splash.h \
		splitter.h \
		stack.h \
		statbmp.h \
		statbox.h \
		statline.h \
		stattext.h \
		statusbr.h \
		strconv.h \
		stream.h \
		string.h \
		sysopt.h \
		tab.h \
		tabctrl.h \
		taskbar.h \
		tbarbase.h \
		tbarsmpl.h \
		textbuf.h \
		textctrl.h \
		textdlg.h \
		textfile.h \
		tglbtn.h \
		thread.h \
		thrimpl.cpp \
		time.h \
		timer.h \
		tipdlg.h \
		tipwin.h \
		tokenzr.h \
		toolbar.h \
		tooltip.h \
		toplevel.h \
		treebase.h \
		treectrl.h \
		txtstrm.h \
		types.h \
		url.h \
		utils.h \
		valgen.h \
		validate.h \
		valtext.h \
		variant.h \
		vector.h \
		version.h \
		volume.h \
		wave.h \
		wfstream.h \
		window.h \
		wizard.h \
		wx.h \
		wx_cw.h \
		wx_cw_cm.h \
		wx_cw_d.h \
		wxchar.h \
		wxexpr.h \
		wxhtml.h \
		wxprec.h \
		xpmdecod.h \
		zipstrm.h \
		zstream.h \
		os2/accel.h \
		os2/app.h \
		os2/bitmap.h \
		os2/bmpbuttn.h \
		os2/brush.h \
		os2/button.h \
		os2/checkbox.h \
		os2/checklst.h \
		os2/choice.h \
		os2/clipbrd.h \
		os2/colour.h \
		os2/combobox.h \
		os2/control.h \
		os2/cursor.h \
		os2/dataform.h \
		os2/dataobj.h \
		os2/dataobj2.h \
		os2/dc.h \
		os2/dcclient.h \
		os2/dcmemory.h \
		os2/dcprint.h \
		os2/dcscreen.h \
		os2/dialog.h \
		os2/dnd.h \
		os2/filedlg.h \
		os2/font.h \
		os2/fontdlg.h \
		os2/frame.h \
		os2/gauge.h \
		os2/gdiimage.h \
		os2/gdiobj.h \
		os2/gsockos2.h \
		os2/helpwin.h \
		os2/icon.h \
		os2/iniconf.h \
		os2/joystick.h \
		os2/listbox.h \
		os2/menu.h \
		os2/menuitem.h \
		os2/metafile.h \
		os2/minifram.h \
		os2/msgdlg.h \
		os2/notebook.h \
		os2/palette.h \
		os2/pen.h \
		os2/pnghand.h \
		os2/pngread.h \
		os2/print.h \
		os2/private.h \
		os2/radiobox.h \
		os2/radiobut.h \
		os2/region.h \
		os2/scrolbar.h \
		os2/settings.h \
		os2/setup0.h \
		os2/slider.h \
		os2/spinbutt.h \
		os2/spinctrl.h \
		os2/statbmp.h \
		os2/statbox.h \
		os2/statline.h \
		os2/stattext.h \
		os2/tabctrl.h \
		os2/taskbar.h \
		os2/textctrl.h \
		os2/timer.h \
		os2/toolbar.h \
		os2/tooltip.h \
		os2/toplevel.h \
		os2/wave.h \
		os2/window.h \
		generic/accel.h \
		generic/calctrl.h \
		generic/caret.h \
		generic/choicdgg.h \
		generic/colrdlgg.h \
		generic/dcpsg.h \
		generic/dirctrlg.h \
		generic/dirdlgg.h \
		generic/dragimgg.h \
		generic/fdrepdlg.h \
		generic/filedlgg.h \
		generic/fontdlgg.h \
		generic/grid.h \
		generic/gridctrl.h \
		generic/gridg.h \
		generic/helpext.h \
		generic/helphtml.h \
		generic/imaglist.h \
		generic/laywin.h \
		generic/listctrl.h \
		generic/mdig.h \
		generic/msgdlgg.h \
		generic/notebook.h \
		generic/paletteg.h \
		generic/panelg.h \
		generic/printps.h \
		generic/prntdlgg.h \
		generic/progdlgg.h \
		generic/sashwin.h \
		generic/scrolwin.h \
		generic/spinctlg.h \
		generic/splash.h \
		generic/splitter.h \
		generic/statline.h \
		generic/statusbr.h \
		generic/tabg.h \
		generic/textdlgg.h \
		generic/timer.h \
		generic/treectlg.h \
		generic/wizard.h \
		html/forcelnk.h \
		html/helpctrl.h \
		html/helpdata.h \
		html/helpfrm.h \
		html/htmlcell.h \
		html/htmldefs.h \
		html/htmlfilt.h \
		html/htmlpars.h \
		html/htmltag.h \
		html/htmlwin.h \
		html/htmprint.h \
		html/m_templ.h \
		html/winpars.h \
		protocol/file.h \
		protocol/ftp.h \
		protocol/http.h \
		protocol/protocol.h

COMMONOBJS = \
		parser.o \
		appcmn.o \
		artprov.o \
		artstd.o \
		choiccmn.o \
		clipcmn.o \
		clntdata.o \
		cmdline.o \
		cmdproc.o \
		cmndata.o \
		config.o \
		containr.o \
		cshelp.o \
		ctrlcmn.o \
		ctrlsub.o \
		datetime.o \
		datstrm.o \
		db.o \
		dbgrid.o \
		dbtable.o \
		dcbase.o \
		dircmn.o \
		dlgcmn.o \
		dndcmn.o \
		dobjcmn.o \
		docmdi.o \
		docview.o \
		dseldlg.o \
		dynarray.o \
		dynlib.o \
		dynload.o \
		effects.o \
		encconv.o \
		event.o \
		extended.o \
		fddlgcmn.o \
		ffile.o \
		file.o \
		fileconf.o \
		filefn.o \
		filename.o \
		filesys.o \
		fontcmn.o \
		fontmap.o \
		framecmn.o \
		fs_inet.o \
		fs_mem.o \
		fs_zip.o \
		ftp.o \
		gaugecmn.o \
		gdicmn.o \
		geometry.o \
		gifdecod.o \
		hash.o \
		hashmap.o \
		helpbase.o \
		http.o \
		iconbndl.o \
		imagall.o \
		imagbmp.o \
		image.o \
		imagfill.o \
		imaggif.o \
		imagiff.o \
		imagjpeg.o \
		imagpcx.o \
		imagpng.o \
		imagpnm.o \
		imagtiff.o \
		imagxpm.o \
		intl.o \
		ipcbase.o \
		layout.o \
		lboxcmn.o \
		list.o \
		log.o \
		longlong.o \
		matrix.o \
		memory.o \
		menucmn.o \
		mimecmn.o \
		module.o \
		msgout.o \
		mstream.o \
		nbkbase.o \
		object.o \
		paper.o \
		popupcmn.o \
		prntbase.o \
		process.o \
		protocol.o \
		quantize.o \
		radiocmn.o \
		regex.o \
		resource.o \
		sckaddr.o \
		sckfile.o \
		sckipc.o \
		sckstrm.o \
		settcmn.o \
		sizer.o \
		socket.o \
		statbar.o \
		strconv.o \
		stream.o \
		string.o \
		sysopt.o \
		tbarbase.o \
		textbuf.o \
		textcmn.o \
		textfile.o \
		timercmn.o \
		tokenzr.o \
		toplvcmn.o \
		treebase.o \
		txtstrm.o \
		unzip.o \
		url.o \
		utilscmn.o \
		valgen.o \
		validate.o \
		valtext.o \
		variant.o \
		wfstream.o \
		wincmn.o \
		wxchar.o \
		wxexpr.o \
		xpmdecod.o \
		zipstrm.o \
		zstream.o

GENERICOBJS = \
		busyinfo.o \
		calctrl.o \
		caret.o \
		choicdgg.o \
		colrdlgg.o \
		dcbuffer.o \
		dcpsg.o \
		dirctrlg.o \
		dirdlgg.o \
		fdrepdlg.o \
		grid.o \
		gridctrl.o \
		gridsel.o \
		helpext.o \
		helphtml.o \
		imaglist.o \
		laywin.o \
		listctrl.o \
		logg.o \
		mdig.o \
		msgdlgg.o \
		numdlgg.o \
		panelg.o \
		printps.o \
		prntdlgg.o \
		progdlgg.o \
		prop.o \
		propform.o \
		proplist.o \
		sashwin.o \
		scrlwing.o \
		spinctlg.o \
		splash.o \
		splitter.o \
		statusbr.o \
		tbarsmpl.o \
		textdlgg.o \
		tipdlg.o \
		tipwin.o \
		treectlg.o \
		treelay.o \
		wizard.o

GUIOBJS = \
		accel.o \
		app.o \
		bitmap.o \
		bmpbuttn.o \
		brush.o \
		button.o \
		checkbox.o \
		checklst.o \
		choice.o \
		clipbrd.o \
		colour.o \
		combobox.o \
		control.o \
		cursor.o \
		data.o \
		dataobj.o \
		dc.o \
		dcclient.o \
		dcmemory.o \
		dcprint.o \
		dcscreen.o \
		dialog.o \
		dir.o \
		dnd.o \
		filedlg.o \
		font.o \
		fontdlg.o \
		fontenum.o \
		fontutil.o \
		frame.o \
		gauge.o \
		gdiimage.o \
		gdiobj.o \
		gsocket.o \
		gsockpm.o \
		helpwin.o \
		icon.o \
		iniconf.o \
		joystick.o \
		listbox.o \
		main.o \
		menu.o \
		menuitem.o \
		metafile.o \
		mimetype.o \
		msgdlg.o \
		nativdlg.o \
		notebook.o \
		ownerdrw.o \
		palette.o \
		pen.o \
		print.o \
		radiobox.o \
		radiobut.o \
		region.o \
		scrolbar.o \
		settings.o \
		slider.o \
		spinbutt.o \
		spinctrl.o \
		statbmp.o \
		statbox.o \
		statline.o \
		stattext.o \
		tabctrl.o \
		taskbar.o \
		textctrl.o \
		thread.o \
		timer.o \
		toolbar.o \
		tooltip.o \
		toplevel.o \
		utils.o \
		utilsexc.o \
		wave.o \
		window.o

UNIXOBJS = \

HTMLOBJS = \
		helpctrl.o \
		helpdata.o \
		helpfrm.o \
		htmlcell.o \
		htmlfilt.o \
		htmlpars.o \
		htmltag.o \
		htmlwin.o \
		htmprint.o \
		m_dflist.o \
		m_fonts.o \
		m_hline.o \
		m_image.o \
		m_layout.o \
		m_links.o \
		m_list.o \
		m_pre.o \
		m_style.o \
		m_tables.o \
		winpars.o

