# This file NOT yet automatically generated by tmake.
ALL_SOURCES = \
		generic/busyinfo.cpp \
		generic/calctrl.cpp \
		generic/caret.cpp \
		generic/choicdgg.cpp \
		generic/colrdlgg.cpp \
		generic/dcpsg.cpp \
		generic/dirctrlg.cpp \
		generic/fdrepdlg.cpp \
		generic/grid.cpp \
		generic/gridctrl.cpp \
		generic/gridsel.cpp \
		generic/helpext.cpp \
		generic/helphtml.cpp \
		generic/helpwxht.cpp \
		generic/helpxlp.cpp \
		generic/imaglist.cpp \
		generic/laywin.cpp \
		generic/listctrl.cpp \
		generic/logg.cpp \
		generic/msgdlgg.cpp \
		generic/numdlgg.cpp \
		generic/panelg.cpp \
		generic/printps.cpp \
		generic/prntdlgg.cpp \
		generic/progdlgg.cpp \
		generic/prop.cpp \
		generic/propform.cpp \
		generic/proplist.cpp \
		generic/sashwin.cpp \
		generic/scrlwing.cpp \
		generic/spinctlg.cpp \
		generic/splash.cpp \
		generic/splitter.cpp \
		generic/statusbr.cpp \
		generic/tabg.cpp \
		generic/tbarsmpl.cpp \
		generic/textdlgg.cpp \
		generic/tipdlg.cpp \
		generic/tipwin.cpp \
		generic/treectlg.cpp \
		generic/treelay.cpp \
		generic/wizard.cpp \
		common/appcmn.cpp \
		common/choiccmn.cpp \
		common/clipcmn.cpp \
		common/cmdline.cpp \
		common/cmdproc.cpp \
		common/cmndata.cpp \
		common/containr.cpp \
		common/config.cpp \
		common/cshelp.cpp \
		common/ctrlcmn.cpp \
		common/ctrlsub.cpp \
		common/datetime.cpp \
		common/datstrm.cpp \
		common/db.cpp \
		common/dbtable.cpp \
		common/dcbase.cpp \
		common/dircmn.cpp \
		common/dlgcmn.cpp \
		common/dndcmn.cpp \
		common/dobjcmn.cpp \
		common/docmdi.cpp \
		common/docview.cpp \
		common/dynarray.cpp \
		common/dynlib.cpp \
		common/effects.cpp \
		common/encconv.cpp \
		common/event.cpp \
		common/extended.c \
		common/fddlgcmn.cpp \
		common/ffile.cpp \
		common/file.cpp \
		common/fileconf.cpp \
		common/filefn.cpp \
		common/filesys.cpp \
		common/fontcmn.cpp \
		common/fontmap.cpp \
		common/framecmn.cpp \
		common/fs_inet.cpp \
		common/fs_mem.cpp \
		common/fs_zip.cpp \
		common/ftp.cpp \
		common/gaugecmn.cpp \
		common/gdicmn.cpp \
		common/geometry.cpp \
		common/gifdecod.cpp \
		common/hash.cpp \
		common/helpbase.cpp \
		common/http.cpp \
		common/imagall.cpp \
		common/imagbmp.cpp \
		common/image.cpp \
		common/imaggif.cpp \
		common/imagjpeg.cpp \
		common/imagpcx.cpp \
		common/imagpng.cpp \
		common/imagpnm.cpp \
		common/imagtiff.cpp \
		common/imagxpm.cpp \
		common/intl.cpp \
		common/ipcbase.cpp \
		common/layout.cpp \
		common/lboxcmn.cpp \
		common/list.cpp \
		common/log.cpp \
		common/longlong.cpp \
		common/memory.cpp \
		common/menucmn.cpp \
		common/mimecmn.cpp \
		common/module.cpp \
		common/mstream.cpp \
		common/nbkbase.cpp \
		common/object.cpp \
		common/objstrm.cpp \
		common/odbc.cpp \
		common/paper.cpp \
		common/popupcmn.cpp \
		common/prntbase.cpp \
		common/process.cpp \
		common/protocol.cpp \
		common/quantize.cpp \
		common/regex.cpp \
		common/resource.cpp \
		common/sckaddr.cpp \
		common/sckfile.cpp \
		common/sckipc.cpp \
		common/sckstrm.cpp \
		common/serbase.cpp \
		common/sizer.cpp \
		common/socket.cpp \
		common/strconv.cpp \
		common/stream.cpp \
		common/string.cpp \
		common/tbarbase.cpp \
		common/textcmn.cpp \
		common/textfile.cpp \
		common/timercmn.cpp \
		common/toplvcmn.cpp \
		common/tokenzr.cpp \
		common/treebase.cpp \
		common/txtstrm.cpp \
		common/unzip.c \
		common/url.cpp \
		common/utilscmn.cpp \
		common/valgen.cpp \
		common/validate.cpp \
		common/valtext.cpp \
		common/variant.cpp \
		common/wfstream.cpp \
		common/wincmn.cpp \
		common/wxchar.cpp \
		common/wxexpr.cpp \
		common/xpmdecod.cpp \
		common/zipstrm.cpp \
		common/zstream.cpp \
		html/helpctrl.cpp \
		html/helpdata.cpp \
		html/helpfrm.cpp \
		html/htmlcell.cpp \
		html/htmlfilt.cpp \
		html/htmlpars.cpp \
		html/htmltag.cpp \
		html/htmlwin.cpp \
		html/htmprint.cpp \
		html/m_dflist.cpp \
		html/m_fonts.cpp \
		html/m_hline.cpp \
		html/m_image.cpp \
		html/m_layout.cpp \
		html/m_links.cpp \
		html/m_list.cpp \
		html/m_meta.cpp \
		html/m_pre.cpp \
		html/m_tables.cpp \
		html/winpars.cpp

ALL_HEADERS = \
		accel.h \
		app.h \
		arrimpl.cpp \
		bitmap.h \
		bmpbuttn.h \
		brush.h \
		buffer.h \
		busyinfo.h \
		button.h \
		calctrl.h \
		caret.h \
		checkbox.h \
		checklst.h \
		choicdlg.h \
		choice.h \
		clipbrd.h \
		cmdline.h \
		cmdproc.h \
		cmndata.h \
		colordlg.h \
		colour.h \
		combobox.h \
		confbase.h \
		config.h \
		containr.h \
		control.h \
		cshelp.h \
		ctrlsub.h \
		cursor.h \
		dataobj.h \
		date.h \
		datetime.h \
		datetime.inl \
		datstrm.h \
		db.h \
		dbtable.h \
		dc.h \
		dcclient.h \
		dcmemory.h \
		dcprint.h \
		dcps.h \
		dcscreen.h \
		dde.h \
		debug.h \
		defs.h \
		dialog.h \
		dialup.h \
		dir.h \
		dirdlg.h \
		dnd.h \
		docmdi.h \
		docview.h \
		dragimag.h \
		dynarray.h \
		dynlib.h \
		encconv.h \
		event.h \
		expr.h \
		fdrepdlg.h \
		ffile.h \
		file.h \
		fileconf.h \
		filedlg.h \
		filefn.h \
		filesys.h \
		font.h \
		fontdlg.h \
		fontenc.h \
		fontenum.h \
		fontmap.h \
		fontutil.h \
		frame.h \
		fs_inet.h \
		fs_mem.h \
		fs_zip.h \
		gauge.h \
		gdicmn.h \
		gdiobj.h \
		geometry.h \
		gifdecod.h \
		glcanvas.h \
		grid.h \
		gsocket.h \
		hash.h \
		help.h \
		helpbase.h \
		helpchm.h \
		helphtml.h \
		helpwin.h \
		helpxlp.h \
		icon.h \
		imagbmp.h \
		image.h \
		imaggif.h \
		imagjpeg.h \
		imaglist.h \
		imagpcx.h \
		imagpng.h \
		imagpnm.h \
		imagtiff.h \
		imagxpm.h \
		intl.h \
		ioswrap.h \
		ipcbase.h \
		isql.h \
		isqlext.h \
		joystick.h \
		layout.h \
		laywin.h \
		list.h \
		listbox.h \
		listctrl.h \
		listimpl.cpp \
		log.h \
		longlong.h \
		matrix.h \
		mdi.h \
		memconf.h \
		memory.h \
		menu.h \
		menuitem.h \
		metafile.h \
		mimetype.h \
		minifram.h \
		module.h \
		msgdlg.h \
		mstream.h \
		notebook.h \
		object.h \
		objstrm.h \
		odbc.h \
		ownerdrw.h \
		palette.h \
		panel.h \
		paper.h \
		pen.h \
		print.h \
		printdlg.h \
		prntbase.h \
		process.h \
		progdlg.h \
		prop.h \
		propform.h \
		proplist.h \
		radiobox.h \
		radiobut.h \
		region.h \
		resource.h \
		sashwin.h \
		sckaddr.h \
		sckipc.h \
		sckstrm.h \
		scrolbar.h \
		scrolwin.h \
		serbase.h \
		settings.h \
		setup.h \
		sizer.h \
		slider.h \
		socket.h \
		spinbutt.h \
		spinctrl.h \
		splitter.h \
		statbmp.h \
		statbox.h \
		statline.h \
		stattext.h \
		statusbr.h \
		strconv.h \
		stream.h \
		string.h \
		tab.h \
		tabctrl.h \
		taskbar.h \
		tbarbase.h \
		tbarsmpl.h \
		textctrl.h \
		textdlg.h \
		textfile.h \
		thread.h \
		time.h \
		timer.h \
		tipdlg.h \
		tokenzr.h \
		toolbar.h \
		tooltip.h \
		treebase.h \
		treectrl.h \
		txtstrm.h \
		types.h \
		url.h \
		utils.h \
		valgen.h \
		validate.h \
		valtext.h \
		variant.h \
		version.h \
		wave.h \
		wfstream.h \
		window.h \
		wizard.h \
		wx.h \
		wx_cw.h \
		wx_cw_cm.h \
		wx_cw_d.h \
		wxchar.h \
		wxexpr.h \
		xpmdecod.h \
		wxhtml.h \
		wxprec.h \
		xpmhand.h \
		zipstrm.h \
		zstream.h \
		generic/calctrl.h \
		generic/caret.h \
		generic/choicdgg.h \
		generic/colrdlgg.h \
		generic/dcpsg.h \
		generic/dirctrlg.h \
		generic/dirdlgg.h \
		generic/dragimgg.h \
		generic/filedlgg.h \
		generic/fontdlgg.h \
		generic/grid.h \
		generic/gridg.h \
		generic/helpext.h \
		generic/helphtml.h \
		generic/helpwxht.h \
		generic/helpxlp.h \
		generic/imaglist.h \
		generic/laywin.h \
		generic/listctrl.h \
		generic/msgdlgg.h \
		generic/notebook.h \
		generic/panelg.h \
		generic/printps.h \
		generic/prntdlgg.h \
		generic/progdlgg.h \
		generic/sashwin.h \
		generic/scrolwin.h \
		generic/splitter.h \
		generic/statusbr.h \
		generic/tabg.h \
		generic/textdlgg.h \
		generic/treectlg.h \
		generic/wizard.h \
		html/forcelnk.h \
		html/helpctrl.h \
		html/helpdata.h \
		html/helpfrm.h \
		html/htmlcell.h \
		html/htmldefs.h \
		html/htmlfilt.h \
		html/htmlpars.h \
		html/htmltag.h \
		html/htmlwin.h \
		html/htmprint.h \
		html/m_templ.h \
		html/winpars.h \
		protocol/file.h \
		protocol/ftp.h \
		protocol/http.h \
		protocol/protocol.h

COMMONOBJS = \
		parser.o \
		appcmn.o \
		choiccmn.o \
		clipcmn.o \
		cmdline.o \
		cmdproc.o \
		cmndata.o \
		config.o \
		containr.o \
		cshelp.o \
		ctrlcmn.o \
		ctrlsub.o \
		datetime.o \
		datstrm.o \
		db.o \
		dbtable.o \
		dcbase.o \
		dircmn.o \
		dlgcmn.o \
		dndcmn.o \
		dobjcmn.o \
		docmdi.o \
		docview.o \
		dynarray.o \
		dynlib.o \
		effects.o \
		encconv.o \
		event.o \
		extended.o \
		fddlgcmn.o \
		ffile.o \
		file.o \
		fileconf.o \
		filefn.o \
		filename.o \
		filesys.o \
		fontcmn.o \
		fontmap.o \
		framecmn.o \
		fs_inet.o \
		fs_mem.o \
		fs_zip.o \
		ftp.o \
		gaugecmn.o \
		gdicmn.o \
		geometry.o \
		gifdecod.o \
		hash.o \
		helpbase.o \
		http.o \
		imagall.o \
		imagbmp.o \
		image.o \
		imaggif.o \
		imagjpeg.o \
		imagpcx.o \
		imagpng.o \
		imagpnm.o \
		imagtiff.o \
		imagxpm.o \
		intl.o \
		ipcbase.o \
		layout.o \
		lboxcmn.o \
		list.o \
		log.o \
		longlong.o \
		matrix.o \
		memory.o \
		menucmn.o \
		mimecmn.o \
		module.o \
		mstream.o \
		nbkbase.o \
		object.o \
		objstrm.o \
		odbc.o \
		paper.o \
		popupcmn.o \
		prntbase.o \
		process.o \
		protocol.o \
		quantize.o \
		regex.o \
		resource.o \
		sckaddr.o \
		sckfile.o \
		sckipc.o \
		sckstrm.o \
		serbase.o \
		sizer.o \
		socket.o \
		strconv.o \
		stream.o \
		string.o \
		tbarbase.o \
		textcmn.o \
		textfile.o \
		timercmn.o \
		toplvcmn.o \
		tokenzr.o \
		treebase.o \
		txtstrm.o \
		unzip.o \
		url.o \
		utilscmn.o \
		valgen.o \
		validate.o \
		valtext.o \
		variant.o \
		wfstream.o \
		wincmn.o \
		wxchar.o \
		wxexpr.o \
		xpmdecod.o \
		zipstrm.o \
		zstream.o

COMMONDEPS = \
		parser.d \
		appcmn.d \
		choiccmn.d \
		clipcmn.d \
		cmdline.d \
		cmdproc.d \
		cmndata.d \
		config.d \
		cshelp.d \
		ctrlcmn.d \
		ctrlsub.d \
		datetime.d \
		datstrm.d \
		db.d \
		dbtable.d \
		dcbase.d \
		dircmn.d \
		dlgcmn.d \
		dndcmn.d \
		dobjcmn.d \
		docmdi.d \
		docview.d \
		dynarray.d \
		dynlib.d \
		effects.d \
		encconv.d \
		event.d \
		extended.d \
		fddlgcmn.d \
		ffile.d \
		file.d \
		fileconf.d \
		filefn.d \
		filename.d \
		filesys.d \
		fontcmn.d \
		fontmap.d \
		framecmn.d \
		fs_inet.d \
		fs_mem.d \
		fs_zip.d \
		ftp.d \
		gaugecmn.d \
		gdicmn.d \
		geometry.d \
		gifdecod.d \
		hash.d \
		helpbase.d \
		http.d \
		imagall.d \
		imagbmp.d \
		image.d \
		imaggif.d \
		imagjpeg.d \
		imagpcx.d \
		imagpng.d \
		imagpnm.d \
		imagtiff.d \
		imagxpm.d \
		intl.d \
		ipcbase.d \
		layout.d \
		lboxcmn.d \
		list.d \
		log.d \
		longlong.d \
		matrix.d \
		memory.d \
		menucmn.d \
		mimecmn.d \
		module.d \
		mstream.d \
		nbkbase.d \
		object.d \
		objstrm.d \
		odbc.d \
		paper.d \
		popupcmn.d \
		prntbase.d \
		process.d \
		protocol.d \
		quantize.d \
		regex.d \
		resource.d \
		sckaddr.d \
		sckfile.d \
		sckipc.d \
		sckstrm.d \
		serbase.d \
		sizer.d \
		socket.d \
		strconv.d \
		stream.d \
		string.d \
		tbarbase.d \
		textcmn.d \
		textfile.d \
		timercmn.d \
		toplvcmn.d \
		tokenzr.d \
		treebase.d \
		txtstrm.d \
		unzip.d \
		url.d \
		utilscmn.d \
		valgen.d \
		validate.d \
		valtext.d \
		variant.d \
		wfstream.d \
		wincmn.d \
		wxchar.d \
		wxexpr.d \
		xpmdecod.d \
		zipstrm.d \
		zstream.d

# Not included for Mac OS X
#		gridg.o
GENERICOBJS = \
		busyinfo.o \
		calctrl.o \
		caret.o \
		choicdgg.o \
		colrdlgg.o \
		dcpsg.o \
		dirctrlg.o \
		dirdlgg.o \
		dragimgg.o \
		fdrepdlg.o \
		filedlgg.o \
		fontdlgg.o \
		grid.o \
		gridctrl.o \
		gridsel.o \
		helpext.o \
		helphtml.o \
		helpwxht.o \
		imaglist.o \
		laywin.o \
		listctrl.o \
		logg.o \
		msgdlgg.o \
		numdlgg.o \
		panelg.o \
		printps.o \
		prntdlgg.o \
		progdlgg.o \
		prop.o \
		propform.o \
		proplist.o \
		sashwin.o \
		scrlwing.o \
		splash.o \
		splitter.o \
		spinctlg.o \
		statusbr.o \
		tabg.o \
		tbarsmpl.o \
		textdlgg.o \
		tipdlg.o \
		tipwin.o \
		treectlg.o \
		treelay.o \
		wizard.o

GENERICDEPS = \
		busyinfo.d \
		calctrl.d \
		caret.d \
		choicdgg.d \
		colrdlgg.d \
		dcpsg.d \
		dirctrlg.d \
		dirdlgg.d \
		dragimgg.d \
		fdrepdlg.d \
		filedlgg.d \
		fontdlgg.d \
		grid.d \
		gridctrl.d \
		gridsel.d \
		helpext.d \
		helphtml.d \
		helpwxht.d \
		imaglist.d \
		laywin.d \
		listctrl.d \
		logg.d \
		msgdlgg.d \
		numdlgg.d \
		panelg.d \
		printps.d \
		prntdlgg.d \
		progdlgg.d \
		prop.d \
		propform.d \
		proplist.d \
		sashwin.d \
		scrlwing.d \
		spinctrl.d \
		splash.d \
		splitter.d \
		statusbr.d \
		tbarsmpl.d \
		textdlgg.d \
		tipdlg.d \
		treectlg.d \
		treelay.d \
		wizard.d

# Not included for Mac OS X
#		dirmac.o
#		filedlg.o
#		spinctrl.o
#		statline.o
#		treectrl.o
GUIOBJS = \
		accel.o \
		aga.o \
		app.o \
		bitmap.o \
		bmpbuttn.o \
		brush.o \
		button.o \
		checkbox.o \
		checklst.o \
		choice.o \
		clipbrd.o \
		colordlg.o \
		colour.o \
		combobox.o \
		control.o \
		cursor.o \
		data.o \
		dataobj.o \
		dc.o \
		dcclient.o \
		dcmemory.o \
		dcprint.o \
		dcscreen.o \
		dialog.o \
		dnd.o \
		font.o \
		fontdlg.o \
		fontenum.o \
		fontutil.o \
		frame.o \
		gauge.o \
		gdiobj.o \
		gsocket.o \
		icon.o \
		joystick.o \
		listbox.o \
		macnotfy.o \
		main.o \
		mdi.o \
		menu.o \
		menuitem.o \
		metafile.o \
		mimetmac.o \
		minifram.o \
		msgdlg.o \
		notebmac.o \
		palette.o \
		pen.o \
		pnghand.o \
		print.o \
		printdlg.o \
		printmac.o \
		radiobox.o \
		radiobut.o \
		region.o \
		scrolbar.o \
		settings.o \
		slider.o \
		spinbutt.o \
		statbmp.o \
		statbox.o \
		statbrma.o \
		statlmac.o \
		stattext.o \
		tabctrl.o \
		taskbar.o \
		textctrl.o \
		thread.o \
		timer.o \
		toplevel.o \
		toolbar.o \
		tooltip.o \
		uma.o \
		utils.o \
		utilsexc.o \
		wave.o \
		window.o

GUIDEPS = \
		accel.d \
		aga.d \
		app.d \
		bitmap.d \
		bmpbuttn.d \
		brush.d \
		button.d \
		checkbox.d \
		checklst.d \
		choice.d \
		clipbrd.d \
		colordlg.d \
		colour.d \
		combobox.d \
		control.d \
		cursor.d \
		data.d \
		dataobj.d \
		dc.d \
		dcclient.d \
		dcmemory.d \
		dcprint.d \
		dcscreen.d \
		dialog.d \
		dnd.d \
		font.d \
		fontdlg.d \
		fontenum.d \
		fontutil.d \
		frame.d \
		gauge.d \
		gdiobj.d \
		gsocket.d \
		icon.d \
		joystick.d \
		listbox.d \
		macnotfy.d \
		main.d \
		mdi.d \
		menu.d \
		menuitem.d \
		metafile.d \
		minifram.d \
		msgdlg.d \
		notebmac.d \
		palette.d \
		pen.d \
		pnghand.d \
		print.d \
		printdlg.d \
		printmac.d \
		radiobox.d \
		radiobut.d \
		region.d \
		scrolbar.d \
		settings.d \
		slider.d \
		spinbutt.d \
		statbmp.d \
		statbox.d \
		statbrma.d \
		statlmac.d \
		stattext.d \
		tabctrl.d \
		taskbar.d \
		textctrl.d \
		thread.d \
		timer.d \
		toplevel.d \
		toolbar.d \
		tooltip.d \
		uma.d \
		utils.d \
		utilsexc.d \
		wave.d \
		window.d

# Not included for Mac OS X
#		dir.o
#		fontenum.o
#		fontutil.o
#		gsocket.o
#		mimetype.o
#		threadpsx.o
#		dialup.o
UNIXOBJS = \
		dir.o \
		utilsunx.o

UNIXDEPS = \
		dialup.d \
		dir.d \
		fontenum.d \
		fontutil.d \
		gsocket.d \
		mimetype.d \
		threadpsx.d \
		utilsunx.d

HTMLOBJS = \
		helpctrl.o \
		helpdata.o \
		helpfrm.o \
		htmlcell.o \
		htmlfilt.o \
		htmlpars.o \
		htmltag.o \
		htmlwin.o \
		htmprint.o \
		m_dflist.o \
		m_fonts.o \
		m_hline.o \
		m_image.o \
		m_layout.o \
		m_links.o \
		m_list.o \
		m_meta.o \
		m_pre.o \
		m_tables.o \
		winpars.o

HTMLDEPS = \
		helpctrl.d \
		helpdata.d \
		helpfrm.d \
		htmlcell.d \
		htmlfilt.d \
		htmlpars.d \
		htmltag.d \
		htmlwin.d \
		htmprint.d \
		m_dflist.d \
		m_fonts.d \
		m_hline.d \
		m_image.d \
		m_layout.d \
		m_links.d \
		m_list.d \
		m_meta.d \
		m_pre.d \
		m_tables.d \
		winpars.d

MACRESOURCES = \
		apprsrc.r \
		carbrsrc.r \
		corersrc.r

