# This file was automatically generated by tmake 
# DO NOT CHANGE THIS FILE, YOUR CHANGES WILL BE LOST! CHANGE BASE.T!
ALL_SOURCES = \
		common/init.cpp \
		common/appcmn.cpp \
		common/clntdata.cpp \
		common/cmdline.cpp \
		common/config.cpp \
		common/datetime.cpp \
		common/datstrm.cpp \
		common/db.cpp \
		common/dbtable.cpp \
		common/dircmn.cpp \
		common/dynarray.cpp \
		common/dynlib.cpp \
		common/dynload.cpp \
		common/encconv.cpp \
		common/event.cpp \
		common/extended.c \
		common/ffile.cpp \
		common/file.cpp \
		common/fileconf.cpp \
		common/filefn.cpp \
		common/filename.cpp \
		common/filesys.cpp \
		common/fontmap.cpp \
		common/fs_inet.cpp \
		common/fs_mem.cpp \
		common/fs_zip.cpp \
		common/ftp.cpp \
		common/hash.cpp \
		common/hashmap.cpp \
		common/http.cpp \
		common/intl.cpp \
		common/ipcbase.cpp \
		common/list.cpp \
		common/log.cpp \
		common/longlong.cpp \
		common/memory.cpp \
		common/mimecmn.cpp \
		common/module.cpp \
		common/msgout.cpp \
		common/mstream.cpp \
		common/object.cpp \
		common/process.cpp \
		common/protocol.cpp \
		common/regex.cpp \
		common/sckaddr.cpp \
		common/sckfile.cpp \
		common/sckipc.cpp \
		common/sckstrm.cpp \
		common/socket.cpp \
		common/strconv.cpp \
		common/stream.cpp \
		common/string.cpp \
		common/sysopt.cpp \
		common/textbuf.cpp \
		common/textfile.cpp \
		common/timercmn.cpp \
		common/tokenzr.cpp \
		common/txtstrm.cpp \
		common/unzip.c \
		common/url.cpp \
		common/utilscmn.cpp \
		common/variant.cpp \
		common/wfstream.cpp \
		common/wxchar.cpp \
		common/zipstrm.cpp \
		common/zstream.cpp \
		unix/dir.cpp \
		unix/gsocket.c \
		unix/mimetype.cpp \
		unix/snglinst.cpp \
		unix/threadpsx.cpp \
		unix/utilsunx.cpp \
		msw/dde.cpp \
		msw/dir.cpp \
		msw/gsocket.c \
		msw/gsockmsw.c \
		msw/main.cpp \
		msw/mimetype.cpp \
		msw/regconf.cpp \
		msw/registry.cpp \
		msw/snglinst.cpp \
		msw/thread.cpp \
		msw/utils.cpp \
		msw/utilsexc.cpp \
		msw/volume.cpp

ALL_HEADERS = \
		app.h \
		arrimpl.cpp \
		buffer.h \
		build.h \
		chkconf.h \
		clntdata.h \
		cmdline.h \
		confbase.h \
		config.h \
		date.h \
		datetime.h \
		datetime.inl \
		datstrm.h \
		db.h \
		dbkeyg.h \
		dbtable.h \
		dde.h \
		debug.h \
		defs.h \
		dir.h \
		dynarray.h \
		dynlib.h \
		dynload.h \
		encconv.h \
		event.h \
		features.h \
		ffile.h \
		file.h \
		fileconf.h \
		filefn.h \
		filename.h \
		filesys.h \
		fontenc.h \
		fontmap.h \
		fs_inet.h \
		fs_mem.h \
		fs_zip.h \
		gsocket.h \
		hash.h \
		hashmap.h \
		intl.h \
		ioswrap.h \
		ipc.h \
		ipcbase.h \
		isql.h \
		isqlext.h \
		list.h \
		listimpl.cpp \
		log.h \
		longlong.h \
		memconf.h \
		memory.h \
		memtext.h \
		mimetype.h \
		module.h \
		msgout.h \
		mstream.h \
		object.h \
		platform.h \
		process.h \
		regex.h \
		sckaddr.h \
		sckipc.h \
		sckstrm.h \
		snglinst.h \
		socket.h \
		strconv.h \
		stream.h \
		string.h \
		sysopt.h \
		textbuf.h \
		textfile.h \
		thread.h \
		thrimpl.cpp \
		time.h \
		timer.h \
		tokenzr.h \
		txtstrm.h \
		url.h \
		utils.h \
		variant.h \
		vector.h \
		version.h \
		volume.h \
		wfstream.h \
		wx.h \
		wxchar.h \
		wxprec.h \
		zipstrm.h \
		zstream.h \
		unix/gsockunx.h \
		unix/mimetype.h \
		msw/dde.h \
		msw/gccpriv.h \
		msw/mimetype.h \
		msw/winundef.h \
		protocol/file.h \
		protocol/ftp.h \
		protocol/http.h \
		protocol/protocol.h

BASE_OBJS = \
		init.o \
		appcmn.o \
		clntdata.o \
		cmdline.o \
		config.o \
		datetime.o \
		datstrm.o \
		db.o \
		dbtable.o \
		dircmn.o \
		dynarray.o \
		dynlib.o \
		dynload.o \
		encconv.o \
		event.o \
		extended.o \
		ffile.o \
		file.o \
		fileconf.o \
		filefn.o \
		filename.o \
		filesys.o \
		fontmap.o \
		fs_inet.o \
		fs_mem.o \
		fs_zip.o \
		ftp.o \
		hash.o \
		hashmap.o \
		http.o \
		intl.o \
		ipcbase.o \
		list.o \
		log.o \
		longlong.o \
		memory.o \
		mimecmn.o \
		module.o \
		msgout.o \
		mstream.o \
		object.o \
		process.o \
		protocol.o \
		regex.o \
		sckaddr.o \
		sckfile.o \
		sckipc.o \
		sckstrm.o \
		socket.o \
		strconv.o \
		stream.o \
		string.o \
		sysopt.o \
		textbuf.o \
		textfile.o \
		timercmn.o \
		tokenzr.o \
		txtstrm.o \
		unzip.o \
		url.o \
		utilscmn.o \
		variant.o \
		wfstream.o \
		wxchar.o \
		zipstrm.o \
		zstream.o

BASE_UNIX_OBJS = \
		dir.o \
		gsocket.o \
		mimetype.o \
		snglinst.o \
		threadpsx.o \
		utilsunx.o

BASE_MSW_OBJS = \
		dde.o \
		dir.o \
		gsocket.o \
		gsockmsw.o \
		main.o \
		mimetype.o \
		regconf.o \
		registry.o \
		snglinst.o \
		thread.o \
		utils.o \
		utilsexc.o \
		volume.o


